  LWindow.cpp
c:\users\styn\documents\visual studio 2015\projects\l3d\l3d\lmath.h(87): warning C4244: 'return': conversion from 'double' to 'float', possible loss of data
c:\users\styn\documents\visual studio 2015\projects\l3d\l3d\lwindow.cpp(96): warning C4244: '=': conversion from 'double' to 'int', possible loss of data
c:\users\styn\documents\visual studio 2015\projects\l3d\l3d\lwindow.cpp(97): warning C4244: '=': conversion from 'double' to 'int', possible loss of data
c:\users\styn\documents\visual studio 2015\projects\l3d\l3d\lwindow.cpp(214): warning C4244: 'argument': conversion from 'float' to 'int', possible loss of data
c:\users\styn\documents\visual studio 2015\projects\l3d\l3d\lwindow.cpp(215): warning C4244: 'argument': conversion from 'float' to 'int', possible loss of data
c:\users\styn\documents\visual studio 2015\projects\l3d\l3d\lwindow.cpp(216): warning C4244: 'argument': conversion from 'float' to 'int', possible loss of data
c:\users\styn\documents\visual studio 2015\projects\l3d\l3d\lwindow.cpp(222): warning C4244: 'initializing': conversion from 'const float' to 'int', possible loss of data
c:\users\styn\documents\visual studio 2015\projects\l3d\l3d\lwindow.cpp(223): warning C4244: 'initializing': conversion from 'const float' to 'int', possible loss of data
c:\users\styn\documents\visual studio 2015\projects\l3d\l3d\lwindow.cpp(224): warning C4244: 'initializing': conversion from 'const float' to 'int', possible loss of data
c:\users\styn\documents\visual studio 2015\projects\l3d\l3d\lwindow.cpp(225): warning C4244: 'initializing': conversion from 'const float' to 'int', possible loss of data
c:\users\styn\documents\visual studio 2015\projects\l3d\l3d\lwindow.cpp(274): warning C4101: 'tRotZ': unreferenced local variable
  Generating Code...
  Compiling...
  L3D.cpp
c:\users\styn\documents\visual studio 2015\projects\l3d\l3d\lmath.h(87): warning C4244: 'return': conversion from 'double' to 'float', possible loss of data
c:\users\styn\documents\visual studio 2015\projects\l3d\l3d\l3d.cpp(11): warning C4244: 'argument': conversion from 'time_t' to 'unsigned int', possible loss of data
  Generating Code...
  Skipping... (no relevant changes detected)
  LCamera.cpp
  L3D.vcxproj -> C:\Users\Styn\documents\visual studio 2015\Projects\L3D\Debug\L3D.exe
